Inno Setup 5 Command-Line Compiler
Copyright (C) 1997-2012 Jordan Russell. All rights reserved.
Portions Copyright (C) 2000-2012 Martijn Laan
Inno Setup Preprocessor
Copyright (C) 2001-2004 Alex Yackimoff. All rights reserved.

Compiler engine version: Inno Setup 5.5.4 (a)

[ISPP] Preprocessing.
[ISPP] Preprocessed.

Parsing [Setup] section, line 16
Parsing [Setup] section, line 17
Parsing [Setup] section, line 18
Parsing [Setup] section, line 20
Parsing [Setup] section, line 21
Parsing [Setup] section, line 22
Parsing [Setup] section, line 23
Parsing [Setup] section, line 27
Parsing [Setup] section, line 29
Parsing [Setup] section, line 30
Parsing [Setup] section, line 31
Parsing [Setup] section, line 32
Parsing [Setup] section, line 33
Parsing [Setup] section, line 34
Parsing [Setup] section, line 35
Parsing [Setup] section, line 36
Parsing [Setup] section, line 43
Reading file (LicenseFile)
Reading file (WizardImageFile)
   File: C:\Program Files (x86)\Inno Setup 5\WIZMODERNIMAGE.BMP
Reading file (WizardSmallImageFile)
   File: C:\Program Files (x86)\Inno Setup 5\WIZMODERNSMALLIMAGE.BMP
Preparing Setup program executable
   Updating icons (SETUP.E32)
Reading default messages from Default.isl
Parsing [Languages] section, line 50
   File: C:\Program Files (x86)\Inno Setup 5\Default.isl
Parsing [LangOptions], [Messages], and [CustomMessages] sections
   Messages in script file
Reading [Code] section
Parsing [Tasks] section, line 53
Parsing [Dirs] section, line 56
Parsing [Dirs] section, line 57
Parsing [Icons] section, line 133
Parsing [Icons] section, line 134
Parsing [Icons] section, line 135
Parsing [Run] section, line 139
Parsing [Run] section, line 140
Parsing [Run] section, line 141
Parsing [Files] section, line 63
Parsing [Files] section, line 64
Parsing [Files] section, line 65
Parsing [Files] section, line 66
Parsing [Files] section, line 67
Parsing [Files] section, line 68
Parsing [Files] section, line 70
Parsing [Files] section, line 71
Parsing [Files] section, line 75
Parsing [Files] section, line 76
Parsing [Files] section, line 77
Parsing [Files] section, line 78
Parsing [Files] section, line 79
Parsing [Files] section, line 80
Parsing [Files] section, line 82
Parsing [Files] section, line 83
Parsing [Files] section, line 88
Parsing [Files] section, line 89
Parsing [Files] section, line 90
   Reading version info: D:\SpectraFoxGIT\spectrafox\setup\packaging\..\..\sourcecode\Build\x86\Release\License.txt
Parsing [Files] section, line 91
   Reading version info: D:\SpectraFoxGIT\spectrafox\setup\packaging\..\..\sourcecode\Build\x86\Release\License-CUDAfy.txt
Parsing [Files] section, line 92
   Reading version info: D:\SpectraFoxGIT\spectrafox\setup\packaging\..\..\sourcecode\Build\x86\Release\License-ILSpy.txt
Parsing [Files] section, line 93
   Reading version info: D:\SpectraFoxGIT\spectrafox\setup\packaging\..\..\sourcecode\Build\x86\Release\License-Magick.NET.txt
Parsing [Files] section, line 94
   Reading version info: D:\SpectraFoxGIT\spectrafox\setup\packaging\..\..\sourcecode\Build\x86\Release\License-Math.Net.txt
Parsing [Files] section, line 95
   Reading version info: D:\SpectraFoxGIT\spectrafox\setup\packaging\..\..\sourcecode\Build\x86\Release\License-ZedGraph.txt
Parsing [Files] section, line 96
   Reading version info: D:\SpectraFoxGIT\spectrafox\setup\packaging\..\..\sourcecode\Build\x86\Release\License-zip.txt
Parsing [Files] section, line 97
   Reading version info: D:\SpectraFoxGIT\spectrafox\setup\packaging\..\..\sourcecode\Build\x86\Release\License-NetSparkle.txt
Parsing [Files] section, line 102
   Reading version info: D:\SpectraFoxGIT\spectrafox\setup\packaging\..\..\sourcecode\Build\x86\Release\LowPrivilegeSetup.txt
Parsing [Files] section, line 105
Parsing [Files] section, line 106
Parsing [Files] section, line 107
Parsing [Files] section, line 108
Parsing [Files] section, line 109
Parsing [Files] section, line 110
Parsing [Files] section, line 111
Parsing [Files] section, line 112
Parsing [Files] section, line 113
Parsing [Files] section, line 114
Parsing [Files] section, line 115
Parsing [Files] section, line 116
Parsing [Files] section, line 117
Parsing [Files] section, line 118
Parsing [Files] section, line 119
Parsing [Files] section, line 120
Parsing [Files] section, line 121
Parsing [Files] section, line 122
Parsing [Files] section, line 123
Parsing [Files] section, line 124
Parsing [Files] section, line 125
Parsing [Files] section, line 126
Parsing [Files] section, line 130
   Reading version info: D:\SpectraFoxGIT\spectrafox\setup\packaging\addons\dotNetFx45_Full_setup.exe
Compiling [Code] section
Deleting spectrafox-stable_lowpriv.exe from output directory
Creating setup files
   Updating icons (SETUP.EXE)
   Compressing: D:\SpectraFoxGIT\spectrafox\setup\packaging\..\..\sourcecode\Build\x64\Release\SpectroscopyManager.exe
   Compressing: D:\SpectraFoxGIT\spectrafox\setup\packaging\..\..\sourcecode\Build\x64\Release\SpectroscopyManager.application
   Compressing: D:\SpectraFoxGIT\spectrafox\setup\packaging\..\..\sourcecode\Build\x64\Release\SpectroscopyManager.pdb
   Compressing: D:\SpectraFoxGIT\spectrafox\setup\packaging\..\..\sourcecode\Build\x64\Release\SpectroscopyManager.exe.config
   Compressing: D:\SpectraFoxGIT\spectrafox\setup\packaging\..\..\sourcecode\Build\x64\Release\SpectroscopyManager.exe.manifest
   Compressing: D:\SpectraFoxGIT\spectrafox\setup\packaging\..\..\sourcecode\Build\x64\Release\ExpTreeLib.dll
   Compressing: D:\SpectraFoxGIT\spectrafox\setup\packaging\..\..\sourcecode\Build\x64\Release\ZedGraph.dll
   Compressing: D:\SpectraFoxGIT\spectrafox\setup\packaging\..\..\sourcecode\Build\x86\Release\SpectroscopyManager.exe
   Compressing: D:\SpectraFoxGIT\spectrafox\setup\packaging\..\..\sourcecode\Build\x86\Release\SpectroscopyManager.application
   Compressing: D:\SpectraFoxGIT\spectrafox\setup\packaging\..\..\sourcecode\Build\x86\Release\SpectroscopyManager.pdb
   Compressing: D:\SpectraFoxGIT\spectrafox\setup\packaging\..\..\sourcecode\Build\x86\Release\SpectroscopyManager.exe.config
   Compressing: D:\SpectraFoxGIT\spectrafox\setup\packaging\..\..\sourcecode\Build\x86\Release\SpectroscopyManager.exe.manifest
   Compressing: D:\SpectraFoxGIT\spectrafox\setup\packaging\..\..\sourcecode\Build\x86\Release\ExpTreeLib.dll
   Compressing: D:\SpectraFoxGIT\spectrafox\setup\packaging\..\..\sourcecode\Build\x86\Release\ZedGraph.dll
   Compressing: D:\SpectraFoxGIT\spectrafox\setup\packaging\..\..\sourcecode\Build\x86\Release\changelog_stable.html
   Compressing: D:\SpectraFoxGIT\spectrafox\setup\packaging\..\..\sourcecode\Build\x86\Release\changelog_dev.html
   Compressing: D:\SpectraFoxGIT\spectrafox\setup\packaging\..\..\sourcecode\Build\x86\Release\License.txt
   Compressing: D:\SpectraFoxGIT\spectrafox\setup\packaging\..\..\sourcecode\Build\x86\Release\License-CUDAfy.txt
   Compressing: D:\SpectraFoxGIT\spectrafox\setup\packaging\..\..\sourcecode\Build\x86\Release\License-ILSpy.txt
   Compressing: D:\SpectraFoxGIT\spectrafox\setup\packaging\..\..\sourcecode\Build\x86\Release\License-Magick.NET.txt
   Compressing: D:\SpectraFoxGIT\spectrafox\setup\packaging\..\..\sourcecode\Build\x86\Release\License-Math.Net.txt
   Compressing: D:\SpectraFoxGIT\spectrafox\setup\packaging\..\..\sourcecode\Build\x86\Release\License-ZedGraph.txt
   Compressing: D:\SpectraFoxGIT\spectrafox\setup\packaging\..\..\sourcecode\Build\x86\Release\License-zip.txt
   Compressing: D:\SpectraFoxGIT\spectrafox\setup\packaging\..\..\sourcecode\Build\x86\Release\License-NetSparkle.txt
   Compressing: D:\SpectraFoxGIT\spectrafox\setup\packaging\..\..\sourcecode\Build\x86\Release\LowPrivilegeSetup.txt
   Compressing: D:\SpectraFoxGIT\spectrafox\setup\packaging\..\..\sourcecode\Build\x86\Release\bg\NetSparkle.Net40.resources.dll
   Compressing: D:\SpectraFoxGIT\spectrafox\setup\packaging\..\..\sourcecode\Build\x86\Release\de\NetSparkle.Net40.resources.dll
   Compressing: D:\SpectraFoxGIT\spectrafox\setup\packaging\..\..\sourcecode\Build\x86\Release\de\ZedGraph.resources.dll
   Compressing: D:\SpectraFoxGIT\spectrafox\setup\packaging\..\..\sourcecode\Build\x86\Release\es\ZedGraph.resources.dll
   Compressing: D:\SpectraFoxGIT\spectrafox\setup\packaging\..\..\sourcecode\Build\x86\Release\es-MX\NetSparkle.Net40.resources.dll
   Compressing: D:\SpectraFoxGIT\spectrafox\setup\packaging\..\..\sourcecode\Build\x86\Release\fr\NetSparkle.Net40.resources.dll
   Compressing: D:\SpectraFoxGIT\spectrafox\setup\packaging\..\..\sourcecode\Build\x86\Release\fr\ZedGraph.resources.dll
   Compressing: D:\SpectraFoxGIT\spectrafox\setup\packaging\..\..\sourcecode\Build\x86\Release\hu\ZedGraph.resources.dll
   Compressing: D:\SpectraFoxGIT\spectrafox\setup\packaging\..\..\sourcecode\Build\x86\Release\it\NetSparkle.Net40.resources.dll
   Compressing: D:\SpectraFoxGIT\spectrafox\setup\packaging\..\..\sourcecode\Build\x86\Release\it\ZedGraph.resources.dll
   Compressing: D:\SpectraFoxGIT\spectrafox\setup\packaging\..\..\sourcecode\Build\x86\Release\ja\ZedGraph.resources.dll
   Compressing: D:\SpectraFoxGIT\spectrafox\setup\packaging\..\..\sourcecode\Build\x86\Release\lt\NetSparkle.Net40.resources.dll
   Compressing: D:\SpectraFoxGIT\spectrafox\setup\packaging\..\..\sourcecode\Build\x86\Release\nl\NetSparkle.Net40.resources.dll
   Compressing: D:\SpectraFoxGIT\spectrafox\setup\packaging\..\..\sourcecode\Build\x86\Release\pt\ZedGraph.resources.dll
   Compressing: D:\SpectraFoxGIT\spectrafox\setup\packaging\..\..\sourcecode\Build\x86\Release\pt-BR\NetSparkle.Net40.resources.dll
   Compressing: D:\SpectraFoxGIT\spectrafox\setup\packaging\..\..\sourcecode\Build\x86\Release\ru\NetSparkle.Net40.resources.dll
   Compressing: D:\SpectraFoxGIT\spectrafox\setup\packaging\..\..\sourcecode\Build\x86\Release\ru\ZedGraph.resources.dll
   Compressing: D:\SpectraFoxGIT\spectrafox\setup\packaging\..\..\sourcecode\Build\x86\Release\sk\ZedGraph.resources.dll
   Compressing: D:\SpectraFoxGIT\spectrafox\setup\packaging\..\..\sourcecode\Build\x86\Release\sv\ZedGraph.resources.dll
   Compressing: D:\SpectraFoxGIT\spectrafox\setup\packaging\..\..\sourcecode\Build\x86\Release\tr\ZedGraph.resources.dll
   Compressing: D:\SpectraFoxGIT\spectrafox\setup\packaging\..\..\sourcecode\Build\x86\Release\zh-cn\NetSparkle.Net40.resources.dll
   Compressing: D:\SpectraFoxGIT\spectrafox\setup\packaging\..\..\sourcecode\Build\x86\Release\zh-cn\ZedGraph.resources.dll
   Compressing: D:\SpectraFoxGIT\spectrafox\setup\packaging\..\..\sourcecode\Build\x86\Release\zh-tw\NetSparkle.Net40.resources.dll
   Compressing: D:\SpectraFoxGIT\spectrafox\setup\packaging\..\..\sourcecode\Build\x86\Release\zh-tw\ZedGraph.resources.dll
   Compressing: D:\SpectraFoxGIT\spectrafox\setup\packaging\..\..\sourcecode\Build\x86\Release\Cudafy.NET.dll
   Compressing: D:\SpectraFoxGIT\spectrafox\setup\packaging\..\..\sourcecode\Build\x86\Release\Cudafy.NET.xml
   Compressing: D:\SpectraFoxGIT\spectrafox\setup\packaging\..\..\sourcecode\Build\x86\Release\Ionic.Zip.Reduced.dll
   Compressing: D:\SpectraFoxGIT\spectrafox\setup\packaging\..\..\sourcecode\Build\x86\Release\Magick.NET-Q8-AnyCPU.dll
   Compressing: D:\SpectraFoxGIT\spectrafox\setup\packaging\..\..\sourcecode\Build\x86\Release\Magick.NET-Q8-AnyCPU.xml
   Compressing: D:\SpectraFoxGIT\spectrafox\setup\packaging\..\..\sourcecode\Build\x86\Release\MathNet.Numerics.Data.Matlab.dll
   Compressing: D:\SpectraFoxGIT\spectrafox\setup\packaging\..\..\sourcecode\Build\x86\Release\MathNet.Numerics.Data.Matlab.xml
   Compressing: D:\SpectraFoxGIT\spectrafox\setup\packaging\..\..\sourcecode\Build\x86\Release\MathNet.Numerics.Data.Text.dll
   Compressing: D:\SpectraFoxGIT\spectrafox\setup\packaging\..\..\sourcecode\Build\x86\Release\MathNet.Numerics.Data.Text.xml
   Compressing: D:\SpectraFoxGIT\spectrafox\setup\packaging\..\..\sourcecode\Build\x86\Release\MathNet.Numerics.dll
   Compressing: D:\SpectraFoxGIT\spectrafox\setup\packaging\..\..\sourcecode\Build\x86\Release\MathNet.Numerics.IO.dll
   Compressing: D:\SpectraFoxGIT\spectrafox\setup\packaging\..\..\sourcecode\Build\x86\Release\MathNet.Numerics.IO.pdb
   Compressing: D:\SpectraFoxGIT\spectrafox\setup\packaging\..\..\sourcecode\Build\x86\Release\MathNet.Numerics.IO.xml
   Compressing: D:\SpectraFoxGIT\spectrafox\setup\packaging\..\..\sourcecode\Build\x86\Release\MathNet.Numerics.pdb
   Compressing: D:\SpectraFoxGIT\spectrafox\setup\packaging\..\..\sourcecode\Build\x86\Release\MathNet.Numerics.xml
   Compressing: D:\SpectraFoxGIT\spectrafox\setup\packaging\..\..\sourcecode\Build\x86\Release\SmartThreadPool.dll
   Compressing: D:\SpectraFoxGIT\spectrafox\setup\packaging\..\..\sourcecode\Build\x86\Release\SmartThreadPool.pdb
   Compressing: D:\SpectraFoxGIT\spectrafox\setup\packaging\..\..\sourcecode\Build\x86\Release\NetSparkle.Net40.dll
   Compressing: D:\SpectraFoxGIT\spectrafox\setup\packaging\..\..\sourcecode\Build\x86\Release\ZedGraph.xml
   Compressing: D:\SpectraFoxGIT\spectrafox\setup\packaging\..\..\sourcecode\Build\x86\Release\zlib.net.dll
   Compressing: D:\SpectraFoxGIT\spectrafox\setup\packaging\..\..\sourcecode\Build\x86\Release\ColorSchemes\alpine colors.sfc
   Compressing: D:\SpectraFoxGIT\spectrafox\setup\packaging\..\..\sourcecode\Build\x86\Release\ColorSchemes\aquamarine.sfc
   Compressing: D:\SpectraFoxGIT\spectrafox\setup\packaging\..\..\sourcecode\Build\x86\Release\ColorSchemes\army colors.sfc
   Compressing: D:\SpectraFoxGIT\spectrafox\setup\packaging\..\..\sourcecode\Build\x86\Release\ColorSchemes\atlantic colors.sfc
   Compressing: D:\SpectraFoxGIT\spectrafox\setup\packaging\..\..\sourcecode\Build\x86\Release\ColorSchemes\aurora colors.sfc
   Compressing: D:\SpectraFoxGIT\spectrafox\setup\packaging\..\..\sourcecode\Build\x86\Release\ColorSchemes\avocado colors.sfc
   Compressing: D:\SpectraFoxGIT\spectrafox\setup\packaging\..\..\sourcecode\Build\x86\Release\ColorSchemes\beach colors.sfc
   Compressing: D:\SpectraFoxGIT\spectrafox\setup\packaging\..\..\sourcecode\Build\x86\Release\ColorSchemes\blue-green-yellow.sfc
   Compressing: D:\SpectraFoxGIT\spectrafox\setup\packaging\..\..\sourcecode\Build\x86\Release\ColorSchemes\brass tones.sfc
   Compressing: D:\SpectraFoxGIT\spectrafox\setup\packaging\..\..\sourcecode\Build\x86\Release\ColorSchemes\bright bands.sfc
   Compressing: D:\SpectraFoxGIT\spectrafox\setup\packaging\..\..\sourcecode\Build\x86\Release\ColorSchemes\brown-cyan tones.sfc
   Compressing: D:\SpectraFoxGIT\spectrafox\setup\packaging\..\..\sourcecode\Build\x86\Release\ColorSchemes\candy colors.sfc
   Compressing: D:\SpectraFoxGIT\spectrafox\setup\packaging\..\..\sourcecode\Build\x86\Release\ColorSchemes\cherry tones.sfc
   Compressing: D:\SpectraFoxGIT\spectrafox\setup\packaging\..\..\sourcecode\Build\x86\Release\ColorSchemes\CMYK colors.sfc
   Compressing: D:\SpectraFoxGIT\spectrafox\setup\packaging\..\..\sourcecode\Build\x86\Release\ColorSchemes\coffee tones.sfc
   Compressing: D:\SpectraFoxGIT\spectrafox\setup\packaging\..\..\sourcecode\Build\x86\Release\ColorSchemes\dark bands.sfc
   Compressing: D:\SpectraFoxGIT\spectrafox\setup\packaging\..\..\sourcecode\Build\x86\Release\ColorSchemes\dark rainbow.sfc
   Compressing: D:\SpectraFoxGIT\spectrafox\setup\packaging\..\..\sourcecode\Build\x86\Release\ColorSchemes\dark terrain.sfc
   Compressing: D:\SpectraFoxGIT\spectrafox\setup\packaging\..\..\sourcecode\Build\x86\Release\ColorSchemes\deep sea colors.sfc
   Compressing: D:\SpectraFoxGIT\spectrafox\setup\packaging\..\..\sourcecode\Build\x86\Release\ColorSchemes\fall colors.sfc
   Compressing: D:\SpectraFoxGIT\spectrafox\setup\packaging\..\..\sourcecode\Build\x86\Release\ColorSchemes\fruit punch colors.sfc
   Compressing: D:\SpectraFoxGIT\spectrafox\setup\packaging\..\..\sourcecode\Build\x86\Release\ColorSchemes\fuchsia tones.sfc
   Compressing: D:\SpectraFoxGIT\spectrafox\setup\packaging\..\..\sourcecode\Build\x86\Release\ColorSchemes\gray tones.sfc
   Compressing: D:\SpectraFoxGIT\spectrafox\setup\packaging\..\..\sourcecode\Build\x86\Release\ColorSchemes\gray-yellow tones.sfc
   Compressing: D:\SpectraFoxGIT\spectrafox\setup\packaging\..\..\sourcecode\Build\x86\Release\ColorSchemes\green-brown terrain.sfc
   Compressing: D:\SpectraFoxGIT\spectrafox\setup\packaging\..\..\sourcecode\Build\x86\Release\ColorSchemes\green-pink tones.sfc
   Compressing: D:\SpectraFoxGIT\spectrafox\setup\packaging\..\..\sourcecode\Build\x86\Release\ColorSchemes\island colors.sfc
   Compressing: D:\SpectraFoxGIT\spectrafox\setup\packaging\..\..\sourcecode\Build\x86\Release\ColorSchemes\lake colors.sfc
   Compressing: D:\SpectraFoxGIT\spectrafox\setup\packaging\..\..\sourcecode\Build\x86\Release\ColorSchemes\light temperature map.sfc
   Compressing: D:\SpectraFoxGIT\spectrafox\setup\packaging\..\..\sourcecode\Build\x86\Release\ColorSchemes\light terrain.sfc
   Compressing: D:\SpectraFoxGIT\spectrafox\setup\packaging\..\..\sourcecode\Build\x86\Release\ColorSchemes\mint colors.sfc
   Compressing: D:\SpectraFoxGIT\spectrafox\setup\packaging\..\..\sourcecode\Build\x86\Release\ColorSchemes\neon colors.sfc
   Compressing: D:\SpectraFoxGIT\spectrafox\setup\packaging\..\..\sourcecode\Build\x86\Release\ColorSchemes\pastel.sfc
   Compressing: D:\SpectraFoxGIT\spectrafox\setup\packaging\..\..\sourcecode\Build\x86\Release\ColorSchemes\pearl colors.sfc
   Compressing: D:\SpectraFoxGIT\spectrafox\setup\packaging\..\..\sourcecode\Build\x86\Release\ColorSchemes\pigeon tones.sfc
   Compressing: D:\SpectraFoxGIT\spectrafox\setup\packaging\..\..\sourcecode\Build\x86\Release\ColorSchemes\plum colors.sfc
   Compressing: D:\SpectraFoxGIT\spectrafox\setup\packaging\..\..\sourcecode\Build\x86\Release\ColorSchemes\rainbow.sfc
   Compressing: D:\SpectraFoxGIT\spectrafox\setup\packaging\..\..\sourcecode\Build\x86\Release\ColorSchemes\red-blue tones.sfc
   Compressing: D:\SpectraFoxGIT\spectrafox\setup\packaging\..\..\sourcecode\Build\x86\Release\ColorSchemes\red-green split.sfc
   Compressing: D:\SpectraFoxGIT\spectrafox\setup\packaging\..\..\sourcecode\Build\x86\Release\ColorSchemes\rose colors.sfc
   Compressing: D:\SpectraFoxGIT\spectrafox\setup\packaging\..\..\sourcecode\Build\x86\Release\ColorSchemes\rust tones.sfc
   Compressing: D:\SpectraFoxGIT\spectrafox\setup\packaging\..\..\sourcecode\Build\x86\Release\ColorSchemes\sandy terrain.sfc
   Compressing: D:\SpectraFoxGIT\spectrafox\setup\packaging\..\..\sourcecode\Build\x86\Release\ColorSchemes\sienna tones.sfc
   Compressing: D:\SpectraFoxGIT\spectrafox\setup\packaging\..\..\sourcecode\Build\x86\Release\ColorSchemes\solar colors.sfc
   Compressing: D:\SpectraFoxGIT\spectrafox\setup\packaging\..\..\sourcecode\Build\x86\Release\ColorSchemes\southwest colors.sfc
   Compressing: D:\SpectraFoxGIT\spectrafox\setup\packaging\..\..\sourcecode\Build\x86\Release\ColorSchemes\starry night colors.sfc
   Compressing: D:\SpectraFoxGIT\spectrafox\setup\packaging\..\..\sourcecode\Build\x86\Release\ColorSchemes\sunset colors.sfc
   Compressing: D:\SpectraFoxGIT\spectrafox\setup\packaging\..\..\sourcecode\Build\x86\Release\ColorSchemes\temperature map.sfc
   Compressing: D:\SpectraFoxGIT\spectrafox\setup\packaging\..\..\sourcecode\Build\x86\Release\ColorSchemes\thermometer colors.sfc
   Compressing: D:\SpectraFoxGIT\spectrafox\setup\packaging\..\..\sourcecode\Build\x86\Release\ColorSchemes\valentine tones.sfc
   Compressing: D:\SpectraFoxGIT\spectrafox\setup\packaging\..\..\sourcecode\Build\x86\Release\ColorSchemes\watermelon colors.sfc
   Compressing: D:\SpectraFoxGIT\spectrafox\setup\packaging\addons\dotNetFx45_Full_setup.exe   (4.5.50709.17929)
   Compressing Setup program executable
   Updating version info

Warning: Line 163, Column 23: [Hint] Variable 'REQNETVER' never used

Successful compile (8.578 sec). Resulting Setup program filename is:
D:\SpectraFoxGIT\spectrafox\setup\output\spectrafox-stable_lowpriv.exe
